Performing C SOURCE FILE Test CMAKE_HAVE_LIBC_PTHREAD failed with the following output:
Change Dir: /home/rob/ympd/build/CMakeFiles/CMakeTmp

Run Build Command(s):/usr/bin/make cmTC_c34a4/fast && /usr/bin/make -f CMakeFiles/cmTC_c34a4.dir/build.make CMakeFiles/cmTC_c34a4.dir/build
make[1]: Entering directory '/home/rob/ympd/build/CMakeFiles/CMakeTmp'
Building C object CMakeFiles/cmTC_c34a4.dir/src.c.o
/usr/bin/cc   -DCMAKE_HAVE_LIBC_PTHREAD   -o CMakeFiles/cmTC_c34a4.dir/src.c.o   -c /home/rob/ympd/build/CMakeFiles/CMakeTmp/src.c
Linking C executable cmTC_c34a4
/usr/bin/cmake -E cmake_link_script CMakeFiles/cmTC_c34a4.dir/link.txt --verbose=1
/usr/bin/cc  -DCMAKE_HAVE_LIBC_PTHREAD    -rdynamic CMakeFiles/cmTC_c34a4.dir/src.c.o  -o cmTC_c34a4 
/usr/bin/ld: CMakeFiles/cmTC_c34a4.dir/src.c.o: in function `main':
src.c:(.text+0x46): undefined reference to `pthread_create'
/usr/bin/ld: src.c:(.text+0x52): undefined reference to `pthread_detach'
/usr/bin/ld: src.c:(.text+0x63): undefined reference to `pthread_join'
collect2: error: ld returned 1 exit status
make[1]: *** [CMakeFiles/cmTC_c34a4.dir/build.make:87: cmTC_c34a4] Error 1
make[1]: Leaving directory '/home/rob/ympd/build/CMakeFiles/CMakeTmp'
make: *** [Makefile:121: cmTC_c34a4/fast] Error 2


Source file was:
#include <pthread.h>

void* test_func(void* data)
{
  return data;
}

int main(void)
{
  pthread_t thread;
  pthread_create(&thread, NULL, test_func, NULL);
  pthread_detach(thread);
  pthread_join(thread, NULL);
  pthread_atfork(NULL, NULL, NULL);
  pthread_exit(NULL);

  return 0;
}

Determining if the function pthread_create exists in the pthreads failed with the following output:
Change Dir: /home/rob/ympd/build/CMakeFiles/CMakeTmp

Run Build Command(s):/usr/bin/make cmTC_b4451/fast && /usr/bin/make -f CMakeFiles/cmTC_b4451.dir/build.make CMakeFiles/cmTC_b4451.dir/build
make[1]: Entering directory '/home/rob/ympd/build/CMakeFiles/CMakeTmp'
Building C object CMakeFiles/cmTC_b4451.dir/CheckFunctionExists.c.o
/usr/bin/cc   -DCHECK_FUNCTION_EXISTS=pthread_create   -o CMakeFiles/cmTC_b4451.dir/CheckFunctionExists.c.o   -c /usr/share/cmake-3.16/Modules/CheckFunctionExists.c
Linking C executable cmTC_b4451
/usr/bin/cmake -E cmake_link_script CMakeFiles/cmTC_b4451.dir/link.txt --verbose=1
/usr/bin/cc  -DCHECK_FUNCTION_EXISTS=pthread_create    -rdynamic CMakeFiles/cmTC_b4451.dir/CheckFunctionExists.c.o  -o cmTC_b4451  -lpthreads 
/usr/bin/ld: cannot find -lpthreads
collect2: error: ld returned 1 exit status
make[1]: *** [CMakeFiles/cmTC_b4451.dir/build.make:87: cmTC_b4451] Error 1
make[1]: Leaving directory '/home/rob/ympd/build/CMakeFiles/CMakeTmp'
make: *** [Makefile:121: cmTC_b4451/fast] Error 2



Performing C SOURCE FILE Test CMAKE_HAVE_LIBC_PTHREAD failed with the following output:
Change Dir: /home/rob/secret/ympd-xl/build/CMakeFiles/CMakeTmp

Run Build Command(s):/usr/bin/make cmTC_00401/fast && /usr/bin/make -f CMakeFiles/cmTC_00401.dir/build.make CMakeFiles/cmTC_00401.dir/build
make[1]: Entering directory '/home/rob/secret/ympd-xl/build/CMakeFiles/CMakeTmp'
Building C object CMakeFiles/cmTC_00401.dir/src.c.o
/usr/bin/cc   -DCMAKE_HAVE_LIBC_PTHREAD   -o CMakeFiles/cmTC_00401.dir/src.c.o   -c /home/rob/secret/ympd-xl/build/CMakeFiles/CMakeTmp/src.c
Linking C executable cmTC_00401
/usr/bin/cmake -E cmake_link_script CMakeFiles/cmTC_00401.dir/link.txt --verbose=1
/usr/bin/cc  -DCMAKE_HAVE_LIBC_PTHREAD    -rdynamic CMakeFiles/cmTC_00401.dir/src.c.o  -o cmTC_00401 
/usr/bin/ld: CMakeFiles/cmTC_00401.dir/src.c.o: in function `main':
src.c:(.text+0x46): undefined reference to `pthread_create'
/usr/bin/ld: src.c:(.text+0x52): undefined reference to `pthread_detach'
/usr/bin/ld: src.c:(.text+0x63): undefined reference to `pthread_join'
collect2: error: ld returned 1 exit status
make[1]: *** [CMakeFiles/cmTC_00401.dir/build.make:87: cmTC_00401] Error 1
make[1]: Leaving directory '/home/rob/secret/ympd-xl/build/CMakeFiles/CMakeTmp'
make: *** [Makefile:121: cmTC_00401/fast] Error 2


Source file was:
#include <pthread.h>

void* test_func(void* data)
{
  return data;
}

int main(void)
{
  pthread_t thread;
  pthread_create(&thread, NULL, test_func, NULL);
  pthread_detach(thread);
  pthread_join(thread, NULL);
  pthread_atfork(NULL, NULL, NULL);
  pthread_exit(NULL);

  return 0;
}

Determining if the function pthread_create exists in the pthreads failed with the following output:
Change Dir: /home/rob/secret/ympd-xl/build/CMakeFiles/CMakeTmp

Run Build Command(s):/usr/bin/make cmTC_79d89/fast && /usr/bin/make -f CMakeFiles/cmTC_79d89.dir/build.make CMakeFiles/cmTC_79d89.dir/build
make[1]: Entering directory '/home/rob/secret/ympd-xl/build/CMakeFiles/CMakeTmp'
Building C object CMakeFiles/cmTC_79d89.dir/CheckFunctionExists.c.o
/usr/bin/cc   -DCHECK_FUNCTION_EXISTS=pthread_create   -o CMakeFiles/cmTC_79d89.dir/CheckFunctionExists.c.o   -c /usr/share/cmake-3.16/Modules/CheckFunctionExists.c
Linking C executable cmTC_79d89
/usr/bin/cmake -E cmake_link_script CMakeFiles/cmTC_79d89.dir/link.txt --verbose=1
/usr/bin/cc  -DCHECK_FUNCTION_EXISTS=pthread_create    -rdynamic CMakeFiles/cmTC_79d89.dir/CheckFunctionExists.c.o  -o cmTC_79d89  -lpthreads 
/usr/bin/ld: cannot find -lpthreads
collect2: error: ld returned 1 exit status
make[1]: *** [CMakeFiles/cmTC_79d89.dir/build.make:87: cmTC_79d89] Error 1
make[1]: Leaving directory '/home/rob/secret/ympd-xl/build/CMakeFiles/CMakeTmp'
make: *** [Makefile:121: cmTC_79d89/fast] Error 2



